<?xml version="1.0" encoding="UTF-8"?>
<!-- Generated by org.testng.reporters.JUnitXMLReporter -->
<testsuite hostname="DESKTOP-J9BK31J" ignored="0" name="Default test" tests="2" failures="0" timestamp="28 Dec 2021 07:24:07 GMT" time="37.149" errors="0">
  <testcase name="verifyTweetShareinProductDetailspage" time="36.987" classname="testpackage.TestProductDetailpage"/>
  <testcase name="verifyProductDiscriptionProductDetailspage" time="0.065" classname="testpackage.TestProductDetailpage"/>
</testsuite> <!-- Default test -->
