<?xml version="1.0" encoding="UTF-8"?>
<!-- Generated by org.testng.reporters.JUnitXMLReporter -->
<testsuite hostname="DESKTOP-J9BK31J" ignored="0" name="Test" tests="8" failures="0" timestamp="28 Dec 2021 07:29:35 GMT" time="113.719" errors="0">
  <testcase name="verifyCatagoryTabs" time="0.25" classname="testpackage.TestClass"/>
  <testcase name="verifyNavigatedCorespondingtab" time="48.42" classname="testpackage.TestClass"/>
  <testcase name="verifyNewsLetterSuccessfulregisterdAlert" time="6.762" classname="testpackage.TestClass"/>
  <testcase name="verifySizeBlockisDisplayed1" time="11.487" classname="testpackage.TestDresspage"/>
  <testcase name="verifyProductCount2" time="0.228" classname="testpackage.TestDresspage"/>
  <testcase name="verifyProductAddedtoCart3" time="12.85" classname="testpackage.TestDresspage"/>
  <testcase name="verifyTweetShareinProductDetailspage" time="33.582" classname="testpackage.TestProductDetailpage"/>
  <testcase name="verifyProductDiscriptionProductDetailspage" time="0.052" classname="testpackage.TestProductDetailpage"/>
</testsuite> <!-- Test -->
